0 info it worked if it ends with ok
1 verbose cli [ '/usr/bin/node',
1 verbose cli   '/usr/bin/npm',
1 verbose cli   'install',
1 verbose cli   '-g',
1 verbose cli   'generator-chromeapp' ]
2 info using npm@2.0.0
3 info using node@v0.10.31
4 verbose cache add [ 'generator-chromeapp', null ]
5 verbose cache add spec="generator-chromeapp" args=["generator-chromeapp",null]
6 verbose parsed spec { raw: 'generator-chromeapp',
6 verbose parsed spec   scope: null,
6 verbose parsed spec   name: 'generator-chromeapp',
6 verbose parsed spec   rawSpec: '',
6 verbose parsed spec   spec: '*',
6 verbose parsed spec   type: 'range' }
7 verbose parsed spec { raw: 'generator-chromeapp',
7 verbose parsed spec   scope: null,
7 verbose parsed spec   name: 'generator-chromeapp',
7 verbose parsed spec   rawSpec: '',
7 verbose parsed spec   spec: '*',
7 verbose parsed spec   type: 'range' }
8 verbose addNamed [ 'generator-chromeapp', '*' ]
9 verbose addNamed [ null, '*' ]
10 silly lockFile 98d358ca-generator-chromeapp generator-chromeapp@*
11 verbose lock generator-chromeapp@* /home/gaurav/.npm/98d358ca-generator-chromeapp.lock
12 silly addNameRange { name: 'generator-chromeapp', range: '*', hasData: false }
13 verbose mapToRegistry name generator-chromeapp
14 verbose mapToRegistry uri https://registry.npmjs.org/generator-chromeapp
15 verbose request on initialization, where is /generator-chromeapp
16 verbose request after pass 1, where is /generator-chromeapp
17 verbose request url raw /generator-chromeapp
18 verbose request resolving registry [ 'https://registry.npmjs.org/', './generator-chromeapp' ]
19 verbose request after pass 2, where is https://registry.npmjs.org/generator-chromeapp
20 verbose request no auth needed
21 info attempt registry request try #1 at 20:13:02
22 verbose request id 170001d9a8de244c
23 http request GET https://registry.npmjs.org/generator-chromeapp
24 http 200 https://registry.npmjs.org/generator-chromeapp
25 silly registry.get cb [ 200,
25 silly registry.get   { date: 'Mon, 29 Sep 2014 14:44:46 GMT',
25 silly registry.get     server: 'CouchDB/1.5.0 (Erlang OTP/R16B03)',
25 silly registry.get     etag: '"DEWID9F76A3RJOSSITAN4KRX3"',
25 silly registry.get     'content-type': 'application/json',
25 silly registry.get     'cache-control': 'max-age=60',
25 silly registry.get     'content-length': '23015',
25 silly registry.get     'accept-ranges': 'bytes',
25 silly registry.get     via: '1.1 varnish',
25 silly registry.get     age: '0',
25 silly registry.get     'x-served-by': 'cache-syd1623-SYD',
25 silly registry.get     'x-cache': 'MISS',
25 silly registry.get     'x-cache-hits': '0',
25 silly registry.get     'x-timer': 'S1412001885.441810,VS0,VE1216',
25 silly registry.get     vary: 'Accept',
25 silly registry.get     'keep-alive': 'timeout=10, max=50',
25 silly registry.get     connection: 'Keep-Alive' } ]
26 silly addNameRange number 2 { name: 'generator-chromeapp', range: '*', hasData: true }
27 silly addNameRange versions [ 'generator-chromeapp',
27 silly addNameRange   [ '0.1.0',
27 silly addNameRange     '0.2.1',
27 silly addNameRange     '0.2.2',
27 silly addNameRange     '0.2.3',
27 silly addNameRange     '0.2.4',
27 silly addNameRange     '0.2.5',
27 silly addNameRange     '0.2.7',
27 silly addNameRange     '0.2.8',
27 silly addNameRange     '0.2.9',
27 silly addNameRange     '0.2.10',
27 silly addNameRange     '0.2.11',
27 silly addNameRange     '0.2.12',
27 silly addNameRange     '0.2.13' ] ]
28 verbose addNamed [ 'generator-chromeapp', '0.2.13' ]
29 verbose addNamed [ '0.2.13', '0.2.13' ]
30 silly lockFile a1a9b3f6-generator-chromeapp-0-2-13 generator-chromeapp@0.2.13
31 verbose lock generator-chromeapp@0.2.13 /home/gaurav/.npm/a1a9b3f6-generator-chromeapp-0-2-13.lock
32 silly lockFile 81fef07d-p-generator-chromeapp-0-2-13-tgz https://registry.npmjs.org/generator-chromeapp/-/generator-chromeapp-0.2.13.tgz
33 verbose lock https://registry.npmjs.org/generator-chromeapp/-/generator-chromeapp-0.2.13.tgz /home/gaurav/.npm/81fef07d-p-generator-chromeapp-0-2-13-tgz.lock
34 verbose addRemoteTarball [ 'https://registry.npmjs.org/generator-chromeapp/-/generator-chromeapp-0.2.13.tgz',
34 verbose addRemoteTarball   'd7e0c73f0bfa61faff278610134e0dd36df8a396' ]
35 info retry fetch attempt 1 at 20:13:08
36 info attempt registry request try #1 at 20:13:08
37 http fetch GET https://registry.npmjs.org/generator-chromeapp/-/generator-chromeapp-0.2.13.tgz
38 http fetch 200 https://registry.npmjs.org/generator-chromeapp/-/generator-chromeapp-0.2.13.tgz
39 silly fetchAndShaCheck shasum d7e0c73f0bfa61faff278610134e0dd36df8a396
40 silly lockFile 81fef07d-p-generator-chromeapp-0-2-13-tgz https://registry.npmjs.org/generator-chromeapp/-/generator-chromeapp-0.2.13.tgz
41 silly lockFile 81fef07d-p-generator-chromeapp-0-2-13-tgz https://registry.npmjs.org/generator-chromeapp/-/generator-chromeapp-0.2.13.tgz
42 silly lockFile a1a9b3f6-generator-chromeapp-0-2-13 generator-chromeapp@0.2.13
43 silly lockFile a1a9b3f6-generator-chromeapp-0-2-13 generator-chromeapp@0.2.13
44 silly lockFile 98d358ca-generator-chromeapp generator-chromeapp@*
45 silly lockFile 98d358ca-generator-chromeapp generator-chromeapp@*
46 silly resolved [ { name: 'generator-chromeapp',
46 silly resolved     version: '0.2.13',
46 silly resolved     description: 'Yeoman generator for Chrome App',
46 silly resolved     keywords: [ 'yeoman-generator', 'scaffold', 'chrome', 'apps' ],
46 silly resolved     homepage: 'https://github.com/yeoman/generator-chromeapp',
46 silly resolved     bugs: { url: 'https://github.com/yeoman/generator-chromeapp/issues' },
46 silly resolved     author: { name: 'The Yeoman Team' },
46 silly resolved     main: 'app/index.js',
46 silly resolved     repository:
46 silly resolved      { type: 'git',
46 silly resolved        url: 'git://github.com/yeoman/generator-chromeapp.git' },
46 silly resolved     scripts: { test: 'mocha --reporter spec' },
46 silly resolved     dependencies:
46 silly resolved      { 'yeoman-generator': '^0.17.0',
46 silly resolved        rimraf: '~2.2.0',
46 silly resolved        lodash: '~2.3.0' },
46 silly resolved     peerDependencies: { yo: '>=1.2.0', 'generator-mocha': '>=0.1.1' },
46 silly resolved     devDependencies: { mocha: '*', underscore: '^1.6.0' },
46 silly resolved     engines: { node: '>=0.10.0', npm: '>=1.2.10' },
46 silly resolved     licenses: [ [Object] ],
46 silly resolved     gitHead: '938cdee7c16e25d70226b7eff4a7f4906c9799a8',
46 silly resolved     _id: 'generator-chromeapp@0.2.13',
46 silly resolved     _shasum: 'd7e0c73f0bfa61faff278610134e0dd36df8a396',
46 silly resolved     _from: 'generator-chromeapp@*',
46 silly resolved     _npmVersion: '1.5.0-alpha-1',
46 silly resolved     _npmUser: { name: 'ragingwind', email: 'ragingwind@gmail.com' },
46 silly resolved     maintainers:
46 silly resolved      [ [Object],
46 silly resolved        [Object],
46 silly resolved        [Object],
46 silly resolved        [Object],
46 silly resolved        [Object],
46 silly resolved        [Object],
46 silly resolved        [Object] ],
46 silly resolved     dist:
46 silly resolved      { shasum: 'd7e0c73f0bfa61faff278610134e0dd36df8a396',
46 silly resolved        tarball: 'http://registry.npmjs.org/generator-chromeapp/-/generator-chromeapp-0.2.13.tgz' },
46 silly resolved     directories: {},
46 silly resolved     _resolved: 'https://registry.npmjs.org/generator-chromeapp/-/generator-chromeapp-0.2.13.tgz' } ]
47 info install generator-chromeapp@0.2.13 into /usr/lib
48 info installOne generator-chromeapp@0.2.13
49 verbose lib/node_modules/generator-chromeapp unbuild
50 verbose gentlyRm vacuuming /usr/lib/node_modules/generator-chromeapp
51 verbose tar unpack /home/gaurav/.npm/generator-chromeapp/0.2.13/package.tgz
52 silly lockFile 9a3ff0cc-node-modules-generator-chromeapp tar:///usr/lib/node_modules/generator-chromeapp
53 verbose lock tar:///usr/lib/node_modules/generator-chromeapp /home/gaurav/.npm/9a3ff0cc-node-modules-generator-chromeapp.lock
54 silly lockFile d52936f6-tor-chromeapp-0-2-13-package-tgz tar:///home/gaurav/.npm/generator-chromeapp/0.2.13/package.tgz
55 verbose lock tar:///home/gaurav/.npm/generator-chromeapp/0.2.13/package.tgz /home/gaurav/.npm/d52936f6-tor-chromeapp-0-2-13-package-tgz.lock
56 verbose gentlyRm vacuuming /usr/lib/node_modules/generator-chromeapp
57 silly gunzTarPerm modes [ '755', '644' ]
58 verbose fstream_path /usr/lib/node_modules/generator-chromeapp
59 verbose fstream_type Directory
60 verbose fstream_class DirWriter
61 verbose stack Error: EACCES, mkdir '/usr/lib/node_modules/generator-chromeapp'
62 verbose fstream_stack /usr/lib/node_modules/npm/node_modules/fstream/lib/dir-writer.js:36:23
62 verbose fstream_stack /usr/lib/node_modules/npm/node_modules/mkdirp/index.js:46:53
62 verbose fstream_stack Object.oncomplete (fs.js:107:15)
63 verbose cwd /home/gaurav/Work/chromeapps/Mundash
64 error Linux 3.16.2-1-ARCH
65 error argv "/usr/bin/node" "/usr/bin/npm" "install" "-g" "generator-chromeapp"
66 error node v0.10.31
67 error npm  v2.0.0
68 error path /usr/lib/node_modules/generator-chromeapp
69 error code EACCES
70 error errno 3
71 error Error: EACCES, mkdir '/usr/lib/node_modules/generator-chromeapp'
71 error  { [Error: EACCES, mkdir '/usr/lib/node_modules/generator-chromeapp']
71 error   errno: 3,
71 error   code: 'EACCES',
71 error   path: '/usr/lib/node_modules/generator-chromeapp',
71 error   fstream_type: 'Directory',
71 error   fstream_path: '/usr/lib/node_modules/generator-chromeapp',
71 error   fstream_class: 'DirWriter',
71 error   fstream_stack:
71 error    [ '/usr/lib/node_modules/npm/node_modules/fstream/lib/dir-writer.js:36:23',
71 error      '/usr/lib/node_modules/npm/node_modules/mkdirp/index.js:46:53',
71 error      'Object.oncomplete (fs.js:107:15)' ] }
72 error Please try running this command again as root/Administrator.
73 verbose exit [ 3, true ]
